{"level":"info","msg":"Stocks listed","time":"2024-08-26T15:34:29+07:00"}
{"level":"info","msg":"Stocks listed","time":"2024-08-26T15:34:31+07:00"}
{"level":"info","msg":"Stock created","request":{"id":22,"item_name":"Test Item44","quantity":123,"serial_number":"SNI123","additional_info":[{"color":"red","size":"M"}],"item_image":"path/to/image.jpg","created_at":"2024-08-26T15:34:52.2868239+07:00","created_by":"Budi","updated_at":"2024-08-26T15:34:52.2868239+07:00","updated_by":""},"time":"2024-08-26T15:34:52+07:00"}
{"level":"info","msg":"Stock created","request":{"id":23,"item_name":"Test Item44","quantity":123,"serial_number":"SNI123","additional_info":{"color":"red","size":"M"},"item_image":"path/to/image.jpg","created_at":"2024-08-26T15:35:03.3997848+07:00","created_by":"Budi","updated_at":"2024-08-26T15:35:03.3997848+07:00","updated_by":""},"time":"2024-08-26T15:35:03+07:00"}
{"level":"info","msg":"Stock created","request":{"id":24,"item_name":"Test Item44","quantity":123,"serial_number":"SNI123","additional_info":[{"color":"red","size":"M"}],"item_image":"path/to/image.jpg","created_at":"2024-08-26T15:35:05.9756804+07:00","created_by":"Budi","updated_at":"2024-08-26T15:35:05.9756804+07:00","updated_by":""},"time":"2024-08-26T15:35:05+07:00"}
{"error":"record not found","level":"error","msg":"Stock not found","time":"2024-08-26T15:35:38+07:00"}
{"id":"1","level":"info","msg":"Stock updated","time":"2024-08-26T15:35:42+07:00"}
{"id":"1","level":"info","msg":"Stock updated","time":"2024-08-26T15:35:58+07:00"}
{"id":"1","level":"info","msg":"Stock updated","time":"2024-08-26T15:36:16+07:00"}
{"id":"1","level":"info","msg":"Stock retrieved","time":"2024-08-26T15:37:51+07:00"}
{"id":"333","level":"info","msg":"Stock deleted","time":"2024-08-26T15:38:33+07:00"}
{"id":"3331","level":"info","msg":"Stock deleted","time":"2024-08-26T15:38:41+07:00"}
{"id":"24","level":"info","msg":"Stock deleted","time":"2024-08-26T15:39:23+07:00"}
{"id":"30","level":"info","msg":"Stock deleted","time":"2024-08-26T15:39:40+07:00"}
{"level":"error","msg":"Stock not found DeleteStock","time":"2024-08-26T15:42:37+07:00"}
{"id":"23","level":"info","msg":"Stock deleted","time":"2024-08-26T15:43:27+07:00"}
{"level":"error","msg":"Stock not found DeleteStock","time":"2024-08-26T15:44:30+07:00"}
{"id":"1","level":"info","msg":"Stock updated","time":"2024-08-26T15:44:55+07:00"}
{"error":"record not found","level":"error","msg":"Stock not found","time":"2024-08-26T15:45:02+07:00"}
{"id":"1","level":"info","msg":"Stock updated","time":"2024-08-26T15:45:05+07:00"}
{"id":"1","level":"info","msg":"Stock retrieved","time":"2024-08-26T15:47:27+07:00"}
{"error":"record not found","level":"error","msg":"Stock not found","time":"2024-08-26T15:47:29+07:00"}
{"id":"1","level":"info","msg":"Stock retrieved","time":"2024-08-26T15:47:31+07:00"}
{"level":"info","msg":"Stocks listed","time":"2024-08-26T15:47:45+07:00"}
{"level":"info","msg":"Stock created","request":{"id":25,"item_name":"Test Item44","quantity":123,"serial_number":"SNI123","additional_info":[{"color":"red","size":"M"}],"item_image":"path/to/image.jpg","created_at":"2024-08-26T15:49:01.5100573+07:00","created_by":"Budi","updated_at":"2024-08-26T15:49:01.5100573+07:00","updated_by":""},"time":"2024-08-26T15:49:01+07:00"}
